<?xml version="1.0" encoding="UTF-8"?>
<!-- Generated by org.testng.reporters.JUnitXMLReporter -->
<testsuite ignored="2" hostname="PAVANKUMAR" failures="0" tests="9" name="Test" time="58.048" errors="0" timestamp="2023-01-10T09:47:46 IST">
  <testcase classname="hRm.CorporateTests.CreateMultipleCorporates" name="createMultipleCor" time="5.903"/>
  <testcase classname="hRm.CorporateTests.CreateMultipleCorporates" name="createMultipleCor" time="4.969"/>
  <testcase classname="hRm.CorporateTests.CreateMultipleCorporates" name="createMultipleCor" time="6.033"/>
  <testcase classname="hRm.CorporateTests.CreateMultipleCorporates" name="createMultipleCor" time="7.513"/>
  <testcase classname="hRm.CorporateTests.CreateMultipleCorporates" name="pavan1" time="0.002"/>
  <testcase classname="hRm.CorporateTests.CreateMultipleCorporates" name="pavan1" time="0.004"/>
  <testcase classname="hRm.CorporateTests.CreateMultipleCorporates" name="readData2" time="0.082"/>
  <testcase classname="hRm.EmployeeTests.CreateEmployeeTest" name="createNewEmployeeTest" time="19.772"/>
  <testcase classname="hRm.AdminTests.CreateAdminTest" name="createAdmin" time="1.866"/>
  <testcase classname="hRm.GenericLibrary.BaseClass" name="@BeforeSuite bsConfig" time="0.0">
    <ignored/>
  </testcase> <!-- @BeforeSuite bsConfig -->
  <testcase classname="hRm.GenericLibrary.BaseClass" name="@AfterSuite asConfig" time="0.0">
    <ignored/>
  </testcase> <!-- @AfterSuite asConfig -->
</testsuite> <!-- Test -->
