<?xml version="1.0" encoding="UTF-8"?>
<!-- Generated by org.testng.reporters.JUnitXMLReporter -->
<testsuite ignored="2" hostname="PAVANKUMAR" failures="1" tests="2" name="Test" time="24.886" errors="0" timestamp="2023-01-10T10:26:12 IST">
  <testcase classname="hRm.GenericLibrary.BaseClass" name="@AfterMethod amConfig" time="1.17">
    <failure type="org.openqa.selenium.ElementClickInterceptedException" message="element click intercepted: Element &amp;lt;b&amp;gt;...&amp;lt;/b&amp;gt; is not clickable at point (1311, 27). Other element would receive the click: &amp;lt;div class=&amp;quot;modal fade show&amp;quot; id=&amp;quot;modal-overlay&amp;quot; aria-modal=&amp;quot;true&amp;quot; style=&amp;quot;padding-right: 17px; display: block;&amp;quot;&amp;gt;...&amp;lt;/div&amp;gt;
  (Session info: chrome=108.0.5359.125)
Build info: version: &amp;apos;4.4.0&amp;apos;, revision: &amp;apos;e5c75ed026a&amp;apos;
System info: host: &amp;apos;PAVANKUMAR&amp;apos;, ip: &amp;apos;192.168.0.245&amp;apos;, os.name: &amp;apos;Windows 11&amp;apos;, os.arch: &amp;apos;amd64&amp;apos;, os.version: &amp;apos;10.0&amp;apos;, java.version: &amp;apos;17.0.4.1&amp;apos;
Driver info: org.openqa.selenium.chrome.ChromeDriver
Command: [c6732393e825c804affaa6226cf4f674, clickElement {id=e1f959ea-c224-4e1a-8bce-0e4d2cdba6df}]
Capabilities {acceptInsecureCerts: false, browserName: chrome, browserVersion: 108.0.5359.125, chrome: {chromedriverVersion: 108.0.5359.71 (1e0e3868ee06..., userDataDir: C:\Users\tpkta\AppData\Loca...}, goog:chromeOptions: {debuggerAddress: localhost:61960}, networkConnectionEnabled: false, pageLoadStrategy: normal, platformName: WINDOWS, proxy: Proxy(), se:cdp: ws://localhost:61960/devtoo..., se:cdpVersion: 108.0.5359.125, setWindowRect: true, strictFileInteractability: false, timeouts: {implicit: 0, pageLoad: 300000, script: 30000}, unhandledPromptBehavior: dismiss and notify, webauthn:extension:credBlob: true, webauthn:extension:largeBlob: true, webauthn:virtualAuthenticators: true}
Element: [[ChromeDriver: chrome on WINDOWS (c6732393e825c804affaa6226cf4f674)] -&amp;gt; xpath: //b[.=&amp;apos;Welcome!,&amp;apos;]]
Session ID: c6732393e825c804affaa6226cf4f674">
      <![CDATA[org.openqa.selenium.ElementClickInterceptedException: element click intercepted: Element <b>...</b> is not clickable at point (1311, 27). Other element would receive the click: <div class="modal fade show" id="modal-overlay" aria-modal="true" style="padding-right: 17px; display: block;">...</div>
  (Session info: chrome=108.0.5359.125)
Build info: version: '4.4.0', revision: 'e5c75ed026a'
System info: host: 'PAVANKUMAR', ip: '192.168.0.245', os.name: 'Windows 11', os.arch: 'amd64', os.version: '10.0', java.version: '17.0.4.1'
Driver info: org.openqa.selenium.chrome.ChromeDriver
Command: [c6732393e825c804affaa6226cf4f674, clickElement {id=e1f959ea-c224-4e1a-8bce-0e4d2cdba6df}]
Capabilities {acceptInsecureCerts: false, browserName: chrome, browserVersion: 108.0.5359.125, chrome: {chromedriverVersion: 108.0.5359.71 (1e0e3868ee06..., userDataDir: C:\Users\tpkta\AppData\Loca...}, goog:chromeOptions: {debuggerAddress: localhost:61960}, networkConnectionEnabled: false, pageLoadStrategy: normal, platformName: WINDOWS, proxy: Proxy(), se:cdp: ws://localhost:61960/devtoo..., se:cdpVersion: 108.0.5359.125, setWindowRect: true, strictFileInteractability: false, timeouts: {implicit: 0, pageLoad: 300000, script: 30000}, unhandledPromptBehavior: dismiss and notify, webauthn:extension:credBlob: true, webauthn:extension:largeBlob: true, webauthn:virtualAuthenticators: true}
Element: [[ChromeDriver: chrome on WINDOWS (c6732393e825c804affaa6226cf4f674)] -> xpath: //b[.='Welcome!,']]
Session ID: c6732393e825c804affaa6226cf4f674
at org.openqa.selenium.remote.codec.w3c.W3CHttpResponseCodec.createException(W3CHttpResponseCodec.java:200)
at org.openqa.selenium.remote.codec.w3c.W3CHttpResponseCodec.decode(W3CHttpResponseCodec.java:133)
at org.openqa.selenium.remote.codec.w3c.W3CHttpResponseCodec.decode(W3CHttpResponseCodec.java:53)
at org.openqa.selenium.remote.HttpCommandExecutor.execute(HttpCommandExecutor.java:184)
at org.openqa.selenium.remote.service.DriverCommandExecutor.invokeExecute(DriverCommandExecutor.java:167)
at org.openqa.selenium.remote.service.DriverCommandExecutor.execute(DriverCommandExecutor.java:142)
at org.openqa.selenium.remote.RemoteWebDriver.execute(RemoteWebDriver.java:547)
at org.openqa.selenium.remote.RemoteWebElement.execute(RemoteWebElement.java:257)
at org.openqa.selenium.remote.RemoteWebElement.click(RemoteWebElement.java:78)
at org.openqa.selenium.support.pagefactory.internal.LocatingElementHandler.invoke(LocatingElementHandler.java:52)
at jdk.proxy2/jdk.proxy2.$Proxy21.click(Unknown Source)
at hRm.ObjectRepository.HomePage.logOut(HomePage.java:129)
at hRm.GenericLibrary.BaseClass.amConfig(BaseClass.java:95)
at java.base/java.util.ArrayList.forEach(ArrayList.java:1511)
at java.base/java.util.concurrent.FutureTask.run(FutureTask.java:264)
at java.base/java.util.concurrent.ThreadPoolExecutor.runWorker(ThreadPoolExecutor.java:1136)
at java.base/java.util.concurrent.ThreadPoolExecutor$Worker.run(ThreadPoolExecutor.java:635)
at java.base/java.lang.Thread.run(Thread.java:833)
... Removed 31 stack frames]]>
    </failure>
  </testcase> <!-- @AfterMethod amConfig -->
  <testcase classname="hRm.GenericLibrary.BaseClass" name="@AfterClass acConfig" time="-1.673326572904E9">
    <skipped/>
  </testcase> <!-- @AfterClass acConfig -->
  <testcase classname="hRm.AdminTests.CreateAdminTest" name="createAdmin" time="2.871"/>
  <testcase classname="hRm.BranchTests.CreateBranchTest" name="createNewBranch" time="2.074">
    <failure type="java.lang.NullPointerException" message="Cannot invoke &amp;quot;org.apache.poi.ss.usermodel.Row.createCell(int)&amp;quot; because &amp;quot;rw&amp;quot; is null">
      <![CDATA[java.lang.NullPointerException: Cannot invoke "org.apache.poi.ss.usermodel.Row.createCell(int)" because "rw" is null
at hRm.GenericLibrary.ExcelFileLibrary.writeDataIntoExcelFile(ExcelFileLibrary.java:38)
at hRm.ObjectRepository.BranchPage.clickOnaddBranchAndSave(BranchPage.java:110)
at hRm.BranchTests.CreateBranchTest.createNewBranch(CreateBranchTest.java:22)
at java.base/java.util.ArrayList.forEach(ArrayList.java:1511)
at java.base/java.util.concurrent.FutureTask.run(FutureTask.java:264)
at java.base/java.util.concurrent.ThreadPoolExecutor.runWorker(ThreadPoolExecutor.java:1136)
at java.base/java.util.concurrent.ThreadPoolExecutor$Worker.run(ThreadPoolExecutor.java:635)
at java.base/java.lang.Thread.run(Thread.java:833)
... Removed 18 stack frames]]>
    </failure>
  </testcase> <!-- createNewBranch -->
  <testcase classname="hRm.GenericLibrary.BaseClass" name="@BeforeSuite bsConfig" time="0.0">
    <ignored/>
  </testcase> <!-- @BeforeSuite bsConfig -->
  <testcase classname="hRm.GenericLibrary.BaseClass" name="@AfterSuite asConfig" time="0.0">
    <ignored/>
  </testcase> <!-- @AfterSuite asConfig -->
</testsuite> <!-- Test -->
