<?xml version="1.0" encoding="UTF-8"?>
<!-- Generated by org.testng.reporters.JUnitXMLReporter -->
<testsuite ignored="1" hostname="PAVANKUMAR" failures="0" tests="3" name="Command line test" time="389.397" errors="0" timestamp="2023-01-03T17:48:54 IST">
  <testcase classname="hRm.GenericLibrary.BaseClass" name="@BeforeMethod bmConfig" time="384.398">
    <failure type="java.util.NoSuchElementException" message="No line found">
      <![CDATA[java.util.NoSuchElementException: No line found
at java.base/java.util.Scanner.nextLine(Scanner.java:1651)
at hRm.GenericLibrary.BaseClass.bmConfig(BaseClass.java:60)
at java.base/java.util.ArrayList.forEach(ArrayList.java:1511)
... Removed 41 stack frames]]>
    </failure>
  </testcase> <!-- @BeforeMethod bmConfig -->
  <testcase classname="hRm.GenericLibrary.BaseClass" name="@AfterMethod amConfig" time="-1.672748332777E9">
    <skipped/>
  </testcase> <!-- @AfterMethod amConfig -->
  <testcase classname="hRm.GenericLibrary.BaseClass" name="@BeforeMethod bmConfig" time="-1.672748332777E9">
    <skipped/>
  </testcase> <!-- @BeforeMethod bmConfig -->
  <testcase classname="hRm.GenericLibrary.BaseClass" name="@AfterMethod amConfig" time="-1.672748332777E9">
    <skipped/>
  </testcase> <!-- @AfterMethod amConfig -->
  <testcase classname="hRm.GenericLibrary.BaseClass" name="@AfterClass acConfig" time="-1.672748332778E9">
    <skipped/>
  </testcase> <!-- @AfterClass acConfig -->
  <testcase classname="hRm.GenericLibrary.BaseClass" name="@BeforeMethod bmConfig" time="0.0">
    <failure type="java.util.NoSuchElementException" message="No line found">
      <![CDATA[java.util.NoSuchElementException: No line found
at java.base/java.util.Scanner.nextLine(Scanner.java:1651)
at hRm.GenericLibrary.BaseClass.bmConfig(BaseClass.java:60)
at java.base/java.util.ArrayList.forEach(ArrayList.java:1511)
... Removed 41 stack frames]]>
    </failure>
  </testcase> <!-- @BeforeMethod bmConfig -->
  <testcase classname="hRm.GenericLibrary.BaseClass" name="@AfterMethod amConfig" time="-1.672748334765E9">
    <skipped/>
  </testcase> <!-- @AfterMethod amConfig -->
  <testcase classname="hRm.GenericLibrary.BaseClass" name="@AfterClass acConfig" time="-1.672748334765E9">
    <skipped/>
  </testcase> <!-- @AfterClass acConfig -->
  <testcase classname="hRm.CorporateTests.CreateCorporateTest" name="createCorporate" time="0.0">
    <skipped/>
  </testcase> <!-- createCorporate -->
  <testcase classname="hRm.CorporateTests.CreateCorporateTest" name="editCorFunctionTest" time="0.0">
    <skipped/>
  </testcase> <!-- editCorFunctionTest -->
  <testcase classname="hRm.EmployeeTests.CreateEmployeeTest" name="createNewEmployeeTest" time="0.0">
    <skipped/>
  </testcase> <!-- createNewEmployeeTest -->
  <testcase classname="hRm.GenericLibrary.BaseClass" name="@BeforeSuite bsConfig" time="0.0">
    <ignored/>
  </testcase> <!-- @BeforeSuite bsConfig -->
</testsuite> <!-- Command line test -->
