<?xml version="1.0" encoding="UTF-8"?>
<!-- Generated by org.testng.reporters.JUnitXMLReporter -->
<testsuite ignored="2" hostname="PAVANKUMAR" failures="0" tests="9" name="Test" time="63.41" errors="0" timestamp="2023-01-10T09:49:38 IST">
  <testcase classname="hRm.CorporateTests.CreateMultipleCorporates" name="createMultipleCor" time="6.069"/>
  <testcase classname="hRm.CorporateTests.CreateMultipleCorporates" name="createMultipleCor" time="7.299"/>
  <testcase classname="hRm.CorporateTests.CreateMultipleCorporates" name="createMultipleCor" time="7.832"/>
  <testcase classname="hRm.CorporateTests.CreateMultipleCorporates" name="createMultipleCor" time="7.423"/>
  <testcase classname="hRm.CorporateTests.CreateMultipleCorporates" name="pavan1" time="0.0"/>
  <testcase classname="hRm.CorporateTests.CreateMultipleCorporates" name="pavan1" time="0.0"/>
  <testcase classname="hRm.CorporateTests.CreateMultipleCorporates" name="readData2" time="0.086"/>
  <testcase classname="hRm.EmployeeTests.CreateEmployeeTest" name="createNewEmployeeTest" time="19.951"/>
  <testcase classname="hRm.AdminTests.CreateAdminTest" name="createAdmin" time="2.441"/>
  <testcase classname="hRm.GenericLibrary.BaseClass" name="@BeforeSuite bsConfig" time="0.0">
    <ignored/>
  </testcase> <!-- @BeforeSuite bsConfig -->
  <testcase classname="hRm.GenericLibrary.BaseClass" name="@AfterSuite asConfig" time="0.0">
    <ignored/>
  </testcase> <!-- @AfterSuite asConfig -->
</testsuite> <!-- Test -->
