<?xml version="1.0" encoding="UTF-8"?>
<testng-results ignored="0" total="1" passed="1" failed="0" skipped="0">
  <reporter-output>
  </reporter-output>
  <suite started-at="2023-03-11T19:53:57 IST" name="practice.ReadDataFromCmd" finished-at="2023-03-11T19:54:01 IST" duration-ms="3827">
    <groups>
    </groups>
    <test started-at="2023-03-11T19:53:57 IST" name="Command line test" finished-at="2023-03-11T19:54:01 IST" duration-ms="3827">
      <class name="practice.ReadDataFromCmd">
        <test-method signature="readDataFrom()[pri:0, instance:practice.ReadDataFromCmd@453da22c]" started-at="2023-03-11T19:53:57 IST" name="readDataFrom" finished-at="2023-03-11T19:54:00 IST" duration-ms="3800" status="PASS">
          <reporter-output>
          </reporter-output>
        </test-method> <!-- readDataFrom -->
      </class> <!-- practice.ReadDataFromCmd -->
    </test> <!-- Command line test -->
  </suite> <!-- practice.ReadDataFromCmd -->
</testng-results>
