<?xml version="1.0" encoding="UTF-8"?>
<testng-results ignored="2" total="11" passed="9" failed="0" skipped="0">
  <reporter-output>
    <line>
      <![CDATA[Home Page is Displayed]]>
    </line>
    <line>
      <![CDATA[Insert Successfully!!!]]>
    </line>
    <line>
      <![CDATA[Home Page is Displayed]]>
    </line>
    <line>
      <![CDATA[Insert Successfully!!!]]>
    </line>
  </reporter-output>
  <suite started-at="2023-01-10T09:46:48 IST" name="Suite" finished-at="2023-01-10T09:47:46 IST" duration-ms="58048">
    <groups>
    </groups>
    <test started-at="2023-01-10T09:46:48 IST" name="Test" finished-at="2023-01-10T09:47:46 IST" duration-ms="58048">
      <class name="hRm.CorporateTests.CreateMultipleCorporates">
        <test-method signature="createMultipleCor(java.lang.String)[pri:0, instance:hRm.CorporateTests.CreateMultipleCorporates@694abbdc]" started-at="2023-01-10T09:46:49 IST" name="createMultipleCor" data-provider="MultipleCor" finished-at="2023-01-10T09:46:55 IST" duration-ms="5903" status="PASS">
          <params>
            <param index="0">
              <value>
                <![CDATA[Tyss]]>
              </value>
            </param>
          </params>
          <reporter-output>
          </reporter-output>
        </test-method> <!-- createMultipleCor -->
        <test-method signature="createMultipleCor(java.lang.String)[pri:0, instance:hRm.CorporateTests.CreateMultipleCorporates@694abbdc]" started-at="2023-01-10T09:46:55 IST" name="createMultipleCor" data-provider="MultipleCor" finished-at="2023-01-10T09:47:00 IST" duration-ms="4969" status="PASS">
          <params>
            <param index="0">
              <value>
                <![CDATA[Infosys]]>
              </value>
            </param>
          </params>
          <reporter-output>
          </reporter-output>
        </test-method> <!-- createMultipleCor -->
        <test-method signature="createMultipleCor(java.lang.String)[pri:0, instance:hRm.CorporateTests.CreateMultipleCorporates@694abbdc]" started-at="2023-01-10T09:47:00 IST" name="createMultipleCor" data-provider="MultipleCor" finished-at="2023-01-10T09:47:06 IST" duration-ms="6033" status="PASS">
          <params>
            <param index="0">
              <value>
                <![CDATA[Tcs]]>
              </value>
            </param>
          </params>
          <reporter-output>
          </reporter-output>
        </test-method> <!-- createMultipleCor -->
        <test-method signature="createMultipleCor(java.lang.String)[pri:0, instance:hRm.CorporateTests.CreateMultipleCorporates@694abbdc]" started-at="2023-01-10T09:47:06 IST" name="createMultipleCor" data-provider="MultipleCor" finished-at="2023-01-10T09:47:13 IST" duration-ms="7513" status="PASS">
          <params>
            <param index="0">
              <value>
                <![CDATA[Rinl]]>
              </value>
            </param>
          </params>
          <reporter-output>
          </reporter-output>
        </test-method> <!-- createMultipleCor -->
        <test-method signature="pavan1(java.lang.String,java.lang.String)[pri:0, instance:hRm.CorporateTests.CreateMultipleCorporates@694abbdc]" started-at="2023-01-10T09:47:13 IST" name="pavan1" data-provider="mul" finished-at="2023-01-10T09:47:13 IST" duration-ms="2" status="PASS">
          <params>
            <param index="0">
              <value>
                <![CDATA[a]]>
              </value>
            </param>
            <param index="1">
              <value>
                <![CDATA[b]]>
              </value>
            </param>
          </params>
          <reporter-output>
          </reporter-output>
        </test-method> <!-- pavan1 -->
        <test-method signature="pavan1(java.lang.String,java.lang.String)[pri:0, instance:hRm.CorporateTests.CreateMultipleCorporates@694abbdc]" started-at="2023-01-10T09:47:13 IST" name="pavan1" data-provider="mul" finished-at="2023-01-10T09:47:13 IST" duration-ms="4" status="PASS">
          <params>
            <param index="0">
              <value>
                <![CDATA[c]]>
              </value>
            </param>
            <param index="1">
              <value>
                <![CDATA[d]]>
              </value>
            </param>
          </params>
          <reporter-output>
          </reporter-output>
        </test-method> <!-- pavan1 -->
        <test-method signature="readData2()[pri:0, instance:hRm.CorporateTests.CreateMultipleCorporates@694abbdc]" started-at="2023-01-10T09:47:13 IST" name="readData2" finished-at="2023-01-10T09:47:13 IST" duration-ms="82" status="PASS">
          <reporter-output>
          </reporter-output>
        </test-method> <!-- readData2 -->
      </class> <!-- hRm.CorporateTests.CreateMultipleCorporates -->
      <class name="hRm.AdminTests.CreateAdminTest">
        <test-method is-config="true" signature="bcConfig()[pri:0, instance:hRm.AdminTests.CreateAdminTest@49139829]" started-at="2023-01-10T09:47:40 IST" name="bcConfig" finished-at="2023-01-10T09:47:42 IST" duration-ms="2229" status="PASS">
          <reporter-output>
          </reporter-output>
        </test-method> <!-- bcConfig -->
        <test-method is-config="true" signature="bmConfig()[pri:0, instance:hRm.AdminTests.CreateAdminTest@49139829]" started-at="2023-01-10T09:47:42 IST" name="bmConfig" finished-at="2023-01-10T09:47:44 IST" duration-ms="1270" status="PASS">
          <reporter-output>
            <line>
              <![CDATA[Home Page is Displayed]]>
            </line>
          </reporter-output>
        </test-method> <!-- bmConfig -->
        <test-method signature="createAdmin()[pri:0, instance:hRm.AdminTests.CreateAdminTest@49139829]" started-at="2023-01-10T09:47:44 IST" name="createAdmin" finished-at="2023-01-10T09:47:45 IST" duration-ms="1866" status="PASS">
          <reporter-output>
            <line>
              <![CDATA[Insert Successfully!!!]]>
            </line>
          </reporter-output>
        </test-method> <!-- createAdmin -->
        <test-method is-config="true" signature="amConfig()[pri:0, instance:hRm.AdminTests.CreateAdminTest@49139829]" started-at="2023-01-10T09:47:45 IST" name="amConfig" finished-at="2023-01-10T09:47:46 IST" duration-ms="498" status="PASS">
          <reporter-output>
          </reporter-output>
        </test-method> <!-- amConfig -->
        <test-method is-config="true" signature="acConfig()[pri:0, instance:hRm.AdminTests.CreateAdminTest@49139829]" started-at="2023-01-10T09:47:46 IST" name="acConfig" finished-at="2023-01-10T09:47:46 IST" duration-ms="189" status="PASS">
          <reporter-output>
          </reporter-output>
        </test-method> <!-- acConfig -->
      </class> <!-- hRm.AdminTests.CreateAdminTest -->
      <class name="hRm.EmployeeTests.CreateEmployeeTest">
        <test-method is-config="true" signature="bsConfig()[pri:0, instance:hRm.EmployeeTests.CreateEmployeeTest@223191a6]" started-at="2023-01-10T09:46:48 IST" name="bsConfig" finished-at="2023-01-10T09:46:48 IST" duration-ms="11" status="PASS">
          <reporter-output>
          </reporter-output>
        </test-method> <!-- bsConfig -->
        <test-method is-config="true" signature="bcConfig()[pri:0, instance:hRm.EmployeeTests.CreateEmployeeTest@223191a6]" started-at="2023-01-10T09:47:13 IST" name="bcConfig" finished-at="2023-01-10T09:47:17 IST" duration-ms="3868" status="PASS">
          <reporter-output>
          </reporter-output>
        </test-method> <!-- bcConfig -->
        <test-method is-config="true" signature="bmConfig()[pri:0, instance:hRm.EmployeeTests.CreateEmployeeTest@223191a6]" started-at="2023-01-10T09:47:17 IST" name="bmConfig" finished-at="2023-01-10T09:47:19 IST" duration-ms="2062" status="PASS">
          <reporter-output>
            <line>
              <![CDATA[Home Page is Displayed]]>
            </line>
          </reporter-output>
        </test-method> <!-- bmConfig -->
        <test-method signature="createNewEmployeeTest()[pri:0, instance:hRm.EmployeeTests.CreateEmployeeTest@223191a6]" started-at="2023-01-10T09:47:19 IST" name="createNewEmployeeTest" finished-at="2023-01-10T09:47:39 IST" duration-ms="19772" status="PASS">
          <reporter-output>
            <line>
              <![CDATA[Insert Successfully!!!]]>
            </line>
          </reporter-output>
        </test-method> <!-- createNewEmployeeTest -->
        <test-method is-config="true" signature="amConfig()[pri:0, instance:hRm.EmployeeTests.CreateEmployeeTest@223191a6]" started-at="2023-01-10T09:47:39 IST" name="amConfig" finished-at="2023-01-10T09:47:40 IST" duration-ms="858" status="PASS">
          <reporter-output>
          </reporter-output>
        </test-method> <!-- amConfig -->
        <test-method is-config="true" signature="acConfig()[pri:0, instance:hRm.EmployeeTests.CreateEmployeeTest@223191a6]" started-at="2023-01-10T09:47:40 IST" name="acConfig" finished-at="2023-01-10T09:47:40 IST" duration-ms="104" status="PASS">
          <reporter-output>
          </reporter-output>
        </test-method> <!-- acConfig -->
        <test-method is-config="true" signature="asConfig()[pri:0, instance:hRm.EmployeeTests.CreateEmployeeTest@223191a6]" started-at="2023-01-10T09:47:46 IST" name="asConfig" finished-at="2023-01-10T09:47:46 IST" duration-ms="0" status="PASS">
          <reporter-output>
          </reporter-output>
        </test-method> <!-- asConfig -->
      </class> <!-- hRm.EmployeeTests.CreateEmployeeTest -->
    </test> <!-- Test -->
  </suite> <!-- Suite -->
</testng-results>
